c:\users\thebi\onedrive\desktop\rtis\csd 1400 y1t1\gam01\gam newest version\project\x64\release\interactives.obj
c:\users\thebi\onedrive\desktop\rtis\csd 1400 y1t1\gam01\gam newest version\project\x64\release\enemy.obj
c:\users\thebi\onedrive\desktop\rtis\csd 1400 y1t1\gam01\gam newest version\project\x64\release\menu.obj
c:\users\thebi\onedrive\desktop\rtis\csd 1400 y1t1\gam01\gam newest version\project\x64\release\gameover.obj
c:\users\thebi\onedrive\desktop\rtis\csd 1400 y1t1\gam01\gam newest version\project\x64\release\howtoplay.obj
c:\users\thebi\onedrive\desktop\rtis\csd 1400 y1t1\gam01\gam newest version\project\x64\release\main.obj
c:\users\thebi\onedrive\desktop\rtis\csd 1400 y1t1\gam01\gam newest version\project\x64\release\character.obj
c:\users\thebi\onedrive\desktop\rtis\csd 1400 y1t1\gam01\gam newest version\project\x64\release\collisions.obj
c:\users\thebi\onedrive\desktop\rtis\csd 1400 y1t1\gam01\gam newest version\project\x64\release\projectiles.obj
c:\users\thebi\onedrive\desktop\rtis\csd 1400 y1t1\gam01\gam newest version\project\x64\release\game.obj
c:\users\thebi\onedrive\desktop\rtis\csd 1400 y1t1\gam01\gam newest version\project\x64\release\macros.obj
c:\users\thebi\onedrive\desktop\rtis\csd 1400 y1t1\gam01\gam newest version\project\x64\release\vc142.pdb
c:\users\thebi\onedrive\desktop\rtis\csd 1400 y1t1\gam01\gam newest version\project\x64\release\processing_sample.exe
c:\users\thebi\onedrive\desktop\rtis\csd 1400 y1t1\gam01\gam newest version\project\x64\release\processing_sample.pdb
c:\users\thebi\onedrive\desktop\rtis\csd 1400 y1t1\gam01\gam newest version\project\x64\release\processing_sample.ipdb
c:\users\thebi\onedrive\desktop\rtis\csd 1400 y1t1\gam01\gam newest version\project\x64\release\processing_sample.iobj
c:\users\thebi\onedrive\desktop\rtis\csd 1400 y1t1\gam01\gam newest version\project\x64\release\processi.14b654ed.tlog\cl.17348.write.1.tlog
c:\users\thebi\onedrive\desktop\rtis\csd 1400 y1t1\gam01\gam newest version\project\x64\release\processi.14b654ed.tlog\cl.command.1.tlog
c:\users\thebi\onedrive\desktop\rtis\csd 1400 y1t1\gam01\gam newest version\project\x64\release\processi.14b654ed.tlog\cl.read.1.tlog
c:\users\thebi\onedrive\desktop\rtis\csd 1400 y1t1\gam01\gam newest version\project\x64\release\processi.14b654ed.tlog\link.command.1.tlog
c:\users\thebi\onedrive\desktop\rtis\csd 1400 y1t1\gam01\gam newest version\project\x64\release\processi.14b654ed.tlog\link.read.1.tlog
c:\users\thebi\onedrive\desktop\rtis\csd 1400 y1t1\gam01\gam newest version\project\x64\release\processi.14b654ed.tlog\link.write.1.tlog
c:\users\thebi\onedrive\desktop\rtis\csd 1400 y1t1\gam01\gam newest version\project\x64\release\processi.14b654ed.tlog\processing_sample.write.1u.tlog
